Error[149]   C:\USERS\LUKE\DOCUMENTS\GITHUB_REPOSITORIES\ME218C_FERRET\ME218C_FERRET.X\FERRET_CONTROL.ASM 48 : Directive only allowed when generating an object file
Warning[207] C:\USERS\LUKE\DOCUMENTS\GITHUB_REPOSITORIES\ME218C_FERRET\ME218C_FERRET.X\FERRET_CONTROL.ASM 50 : Found label after column 1. (W_TEMP)
Warning[207] C:\USERS\LUKE\DOCUMENTS\GITHUB_REPOSITORIES\ME218C_FERRET\ME218C_FERRET.X\FERRET_CONTROL.ASM 51 : Found label after column 1. (STATUS_TEMP)
Warning[207] C:\USERS\LUKE\DOCUMENTS\GITHUB_REPOSITORIES\ME218C_FERRET\ME218C_FERRET.X\FERRET_CONTROL.ASM 52 : Found label after column 1. (PCLATH_TEMP)
Warning[207] C:\USERS\LUKE\DOCUMENTS\GITHUB_REPOSITORIES\ME218C_FERRET\ME218C_FERRET.X\FERRET_CONTROL.ASM 54 : Found label after column 1. (SRV_CNT)
Warning[207] C:\USERS\LUKE\DOCUMENTS\GITHUB_REPOSITORIES\ME218C_FERRET\ME218C_FERRET.X\FERRET_CONTROL.ASM 55 : Found label after column 1. (TF_CNT)
Warning[207] C:\USERS\LUKE\DOCUMENTS\GITHUB_REPOSITORIES\ME218C_FERRET\ME218C_FERRET.X\FERRET_CONTROL.ASM 57 : Found label after column 1. (FLAGS)
Warning[207] C:\USERS\LUKE\DOCUMENTS\GITHUB_REPOSITORIES\ME218C_FERRET\ME218C_FERRET.X\FERRET_CONTROL.ASM 58 : Found label after column 1. (SRVA_PW)
Warning[207] C:\USERS\LUKE\DOCUMENTS\GITHUB_REPOSITORIES\ME218C_FERRET\ME218C_FERRET.X\FERRET_CONTROL.ASM 59 : Found label after column 1. (SRVA_TIME)
Warning[207] C:\USERS\LUKE\DOCUMENTS\GITHUB_REPOSITORIES\ME218C_FERRET\ME218C_FERRET.X\FERRET_CONTROL.ASM 60 : Found label after column 1. (TF_TIME)
Warning[207] C:\USERS\LUKE\DOCUMENTS\GITHUB_REPOSITORIES\ME218C_FERRET\ME218C_FERRET.X\FERRET_CONTROL.ASM 61 : Found label after column 1. (HB_TIME)
Message[302] C:\USERS\LUKE\DOCUMENTS\GITHUB_REPOSITORIES\ME218C_FERRET\ME218C_FERRET.X\FERRET_CONTROL.ASM 102 : Register in operand not in bank 0.  Ensure that bank bits are correct.
Message[302] C:\USERS\LUKE\DOCUMENTS\GITHUB_REPOSITORIES\ME218C_FERRET\ME218C_FERRET.X\FERRET_CONTROL.ASM 115 : Register in operand not in bank 0.  Ensure that bank bits are correct.
Message[302] C:\USERS\LUKE\DOCUMENTS\GITHUB_REPOSITORIES\ME218C_FERRET\ME218C_FERRET.X\FERRET_CONTROL.ASM 117 : Register in operand not in bank 0.  Ensure that bank bits are correct.
Message[302] C:\USERS\LUKE\DOCUMENTS\GITHUB_REPOSITORIES\ME218C_FERRET\ME218C_FERRET.X\FERRET_CONTROL.ASM 120 : Register in operand not in bank 0.  Ensure that bank bits are correct.
Message[302] C:\USERS\LUKE\DOCUMENTS\GITHUB_REPOSITORIES\ME218C_FERRET\ME218C_FERRET.X\FERRET_CONTROL.ASM 121 : Register in operand not in bank 0.  Ensure that bank bits are correct.
Message[302] C:\USERS\LUKE\DOCUMENTS\GITHUB_REPOSITORIES\ME218C_FERRET\ME218C_FERRET.X\FERRET_CONTROL.ASM 123 : Register in operand not in bank 0.  Ensure that bank bits are correct.
Message[302] C:\USERS\LUKE\DOCUMENTS\GITHUB_REPOSITORIES\ME218C_FERRET\ME218C_FERRET.X\FERRET_CONTROL.ASM 130 : Register in operand not in bank 0.  Ensure that bank bits are correct.
Message[302] C:\USERS\LUKE\DOCUMENTS\GITHUB_REPOSITORIES\ME218C_FERRET\ME218C_FERRET.X\FERRET_CONTROL.ASM 134 : Register in operand not in bank 0.  Ensure that bank bits are correct.
Message[302] C:\USERS\LUKE\DOCUMENTS\GITHUB_REPOSITORIES\ME218C_FERRET\ME218C_FERRET.X\FERRET_CONTROL.ASM 135 : Register in operand not in bank 0.  Ensure that bank bits are correct.
Message[302] C:\USERS\LUKE\DOCUMENTS\GITHUB_REPOSITORIES\ME218C_FERRET\ME218C_FERRET.X\FERRET_CONTROL.ASM 136 : Register in operand not in bank 0.  Ensure that bank bits are correct.
Message[302] C:\USERS\LUKE\DOCUMENTS\GITHUB_REPOSITORIES\ME218C_FERRET\ME218C_FERRET.X\FERRET_CONTROL.ASM 137 : Register in operand not in bank 0.  Ensure that bank bits are correct.
Message[302] C:\USERS\LUKE\DOCUMENTS\GITHUB_REPOSITORIES\ME218C_FERRET\ME218C_FERRET.X\FERRET_CONTROL.ASM 148 : Register in operand not in bank 0.  Ensure that bank bits are correct.
Message[302] C:\USERS\LUKE\DOCUMENTS\GITHUB_REPOSITORIES\ME218C_FERRET\ME218C_FERRET.X\FERRET_CONTROL.ASM 150 : Register in operand not in bank 0.  Ensure that bank bits are correct.
Message[302] C:\USERS\LUKE\DOCUMENTS\GITHUB_REPOSITORIES\ME218C_FERRET\ME218C_FERRET.X\FERRET_CONTROL.ASM 179 : Register in operand not in bank 0.  Ensure that bank bits are correct.
Message[302] C:\USERS\LUKE\DOCUMENTS\GITHUB_REPOSITORIES\ME218C_FERRET\ME218C_FERRET.X\FERRET_CONTROL.ASM 182 : Register in operand not in bank 0.  Ensure that bank bits are correct.
Message[302] C:\USERS\LUKE\DOCUMENTS\GITHUB_REPOSITORIES\ME218C_FERRET\ME218C_FERRET.X\FERRET_CONTROL.ASM 200 : Register in operand not in bank 0.  Ensure that bank bits are correct.
Message[302] C:\USERS\LUKE\DOCUMENTS\GITHUB_REPOSITORIES\ME218C_FERRET\ME218C_FERRET.X\FERRET_CONTROL.ASM 247 : Register in operand not in bank 0.  Ensure that bank bits are correct.
Message[302] C:\USERS\LUKE\DOCUMENTS\GITHUB_REPOSITORIES\ME218C_FERRET\ME218C_FERRET.X\FERRET_CONTROL.ASM 308 : Register in operand not in bank 0.  Ensure that bank bits are correct.
Message[302] C:\USERS\LUKE\DOCUMENTS\GITHUB_REPOSITORIES\ME218C_FERRET\ME218C_FERRET.X\FERRET_CONTROL.ASM 321 : Register in operand not in bank 0.  Ensure that bank bits are correct.
